0 info it worked if it ends with ok
1 verbose cli [ '/usr/local/bin/node', '/usr/local/bin/npm', 'run', 'watch' ]
2 info using npm@3.3.12
3 info using node@v5.1.0
4 verbose run-script [ 'prewatch', 'watch', 'postwatch' ]
5 info lifecycle weshop@1.0.0~prewatch: weshop@1.0.0
6 silly lifecycle weshop@1.0.0~prewatch: no script for prewatch, continuing
7 info lifecycle weshop@1.0.0~watch: weshop@1.0.0
8 verbose lifecycle weshop@1.0.0~watch: unsafe-perm in lifecycle true
9 verbose lifecycle weshop@1.0.0~watch: PATH: /usr/local/lib/node_modules/npm/bin/node-gyp-bin:/Users/ray/projects/weshop/node_modules/.bin:/Users/ray/.rvm/gems/ruby-2.2.0/bin:/Users/ray/.rvm/gems/ruby-2.2.0@global/bin:/Users/ray/.rvm/rubies/ruby-2.2.0/bin:/Library/Frameworks/Python.framework/Versions/2.7/bin:/usr/local/bin:/usr/bin:/bin:/usr/sbin:/sbin:/Users/ray/.rvm/bin:/Users/ray/.rvm/bin
10 verbose lifecycle weshop@1.0.0~watch: CWD: /Users/ray/projects/weshop
11 silly lifecycle weshop@1.0.0~watch: Args: [ '-c',
11 silly lifecycle   'webpack-dev-server --hot --inline --progress --colors' ]
12 silly lifecycle weshop@1.0.0~watch: Returned: code: 1  signal: null
13 info lifecycle weshop@1.0.0~watch: Failed to exec watch script
14 verbose stack Error: weshop@1.0.0 watch: `webpack-dev-server --hot --inline --progress --colors`
14 verbose stack Exit status 1
14 verbose stack     at EventEmitter.<anonymous> (/usr/local/lib/node_modules/npm/lib/utils/lifecycle.js:232:16)
14 verbose stack     at emitTwo (events.js:87:13)
14 verbose stack     at EventEmitter.emit (events.js:172:7)
14 verbose stack     at ChildProcess.<anonymous> (/usr/local/lib/node_modules/npm/lib/utils/spawn.js:24:14)
14 verbose stack     at emitTwo (events.js:87:13)
14 verbose stack     at ChildProcess.emit (events.js:172:7)
14 verbose stack     at maybeClose (internal/child_process.js:818:16)
14 verbose stack     at Process.ChildProcess._handle.onexit (internal/child_process.js:211:5)
15 verbose pkgid weshop@1.0.0
16 verbose cwd /Users/ray/projects/weshop
17 error Darwin 15.2.0
18 error argv "/usr/local/bin/node" "/usr/local/bin/npm" "run" "watch"
19 error node v5.1.0
20 error npm  v3.3.12
21 error code ELIFECYCLE
22 error weshop@1.0.0 watch: `webpack-dev-server --hot --inline --progress --colors`
22 error Exit status 1
23 error Failed at the weshop@1.0.0 watch script 'webpack-dev-server --hot --inline --progress --colors'.
23 error Make sure you have the latest version of node.js and npm installed.
23 error If you do, this is most likely a problem with the weshop package,
23 error not with npm itself.
23 error Tell the author that this fails on your system:
23 error     webpack-dev-server --hot --inline --progress --colors
23 error You can get their info via:
23 error     npm owner ls weshop
23 error There is likely additional logging output above.
24 verbose exit [ 1, true ]
